------------------EJECUTANDO ARCHIVO DE CREACION DE INDICES ------------------
CREANDO ACTA_APERTURA_PED_COTI_FK_IA
ACTA_APERTURA (EJERCICIO,NRO_COTI)
               *
ERROR en línea 2:
ORA-01408: such column list already indexed 


CREANDO RAFAM_0000000006_FK_IA
ADJUDICACIONES (EJERCICIO,NRO_COTI,COD_PROV)
                *
ERROR en línea 2:
ORA-01408: such column list already indexed 


CREANDO RAFAM_0000000007_FK_IA
ALTA_DEFINITIVA_INVENT_BIE (EJERCICIO,NRO_REM_RECEP,ORDEN)
                            *
ERROR en línea 2:
ORA-01408: such column list already indexed 


CREANDO RAFAM_0000000008_FK_IA
ALTA_DEFINITIVA_ITEMS_BIE (EJERCICIO,NRO_REM_RECEP)
                           *
ERROR en línea 2:
ORA-01408: such column list already indexed 


CREANDO ALTA_INVENT_FK_IA
CREANDO ALTA_PROV_INV_FK_IA
ALTA_DEFINITIVA_INVENT_BIE (EJERCICIO,NRO_REM_RECEP,ORDEN)
                            *
ERROR en línea 2:
ORA-01408: such column list already indexed 


CREANDO RAFAM_0000000009_FK_IA
ALTA_PROVISORIA_ITEMS_BIE (EJERCICIO,NRO_REM_RECEP)
                           *
ERROR en línea 2:
ORA-01408: such column list already indexed 


CREANDO RAFAM_0000000010_FK_IA
ALTA_PROVISORIA_ITEMS_BIE (ESTADO)
                           *
ERROR en línea 2:
ORA-01408: such column list already indexed 


CREANDO AMO_EMP_FK_IA
AMORTIZACIONES (COD_EMP)
                *
ERROR en línea 2:
ORA-01408: such column list already indexed 


CREANDO BAJ_DEF_BIE_BAJ_PROV_FK_IA
CREANDO RAFAM_0000000011_FK_IA
CREANDO RAFAM_0000000012_FK_IA
BENEFICIARIOS (LOCA_POS)
               *
ERROR en línea 2:
ORA-01408: such column list already indexed 


CREANDO RAFAM_0000000013_FK_IA
BENEFICIARIOS (COD_PROV)
               *
ERROR en línea 2:
ORA-01408: such column list already indexed 


CREANDO RAFAM_0000000014_FK_IA
BENEFICIARIOS (MOTIVO)
               *
ERROR en línea 2:
ORA-01408: such column list already indexed 


CREANDO RAFAM_0000000015_FK_IA
BIENES_PUBLICOS (ESTADO_BIEN)
                 *
ERROR en línea 2:
ORA-01408: such column list already indexed 


CREANDO RAFAM_0000000016_FK_IA
BIENES_PUBLICOS (MOTIVO_ANULA)
                 *
ERROR en línea 2:
ORA-01408: such column list already indexed 


CREANDO BIE_HISTO_INV_EST_BIE_FK_IA
CREANDO RAFAM_0000000017_FK_IA
CREANDO RAFAM_0000000018_FK_IA
CALCULO_MODIF (JURISDICCION)
               *
ERROR en línea 2:
ORA-01408: such column list already indexed 


CREANDO RAFAM_0000000019_FK_IA
CESIONARIOS (COD_BEN)
             *
ERROR en línea 2:
ORA-01408: such column list already indexed 


CREANDO RAFAM_0000000020_FK_IA
CESIONARIOS (MOTIVO)
             *
ERROR en línea 2:
ORA-01408: such column list already indexed 


CREANDO RAFAM_0000000021_FK_IA
COMPROBANTES (COD_BEN)
              *
ERROR en línea 2:
ORA-01408: such column list already indexed 


CREANDO RAFAM_0000000022_FK_IA
COMPROBANTES (COD_EMB,COD_BCE_ITEM)
              *
ERROR en línea 2:
ORA-01408: such column list already indexed 


CREANDO COM_EMPPARTPRE_FK_IA
COMISIONES (COD_EMP)
            *
ERROR en línea 2:
ORA-01408: such column list already indexed 


CREANDO RAFAM_0000000023_FK_IA
CREANDO RAFAM_0000000024_FK_IA
CREANDO RAFAM_0000000025_FK_IA
CREANDO RAFAM_0000000026_FK_IA
CREANDO RAFAM_0000000027_FK_IA
CUENTAS_CESIONARIOS (MOTIVO)
                     *
ERROR en línea 2:
ORA-01408: such column list already indexed 


CREANDO RAFAM_0000000028_FK_IA
CTA_CUENTAS (CONFIG_CHEQUE)
             *
ERROR en línea 2:
ORA-01408: such column list already indexed 


CREANDO RAFAM_0000000029_FK_IA
CUOTAS_INCISO (ANIO_PRESUP,JURISDICCION,CODIGO_FF)
               *
ERROR en línea 2:
ORA-01408: such column list already indexed 


CREANDO RAFAM_0000000030_FK_IA
CUOTAS_JURISDIC (JURISDICCION)
                 *
ERROR en línea 2:
ORA-01408: such column list already indexed 


CREANDO DATOS_PART_CONS_FK_IA
DATOS_PART_CONS (COD_PROV)
                 *
ERROR en línea 2:
ORA-01408: such column list already indexed 


CREANDO DATOS_PART_CONT_FK_IA
DATOS_PART_CONT (COD_PROV)
                 *
ERROR en línea 2:
ORA-01408: such column list already indexed 


CREANDO RAFAM_0000000031_FK_IA
DEPENDENCIAS (PADRE)
              *
ERROR en línea 2:
ORA-01408: such column list already indexed 


CREANDO DESCRIP_PROY_EST_PROG_FK_IA
DESCRIP_PROY (ANIO_PRESUP,JURISDICCION,PROGRAMA,ACTIV_PROY,ACTIV_OBRA)
              *
ERROR en línea 2:
ORA-01408: such column list already indexed 


CREANDO DES_CODEMP_FK_IA
DESEMBOLSOS (COD_EMP)
             *
ERROR en línea 2:
ORA-01408: such column list already indexed 


CREANDO EGRESOS_PROV_FK_IA
EGRESOS (COD_PROV)
         *
ERROR en línea 2:
ORA-01408: such column list already indexed 


CREANDO RAFAM_0000000032_FK_IA
EMBARGOS (MOTIVO)
          *
ERROR en línea 2:
ORA-01408: such column list already indexed 


CREANDO RAFAM_0000000033_FK_IA
ESCALAFONES (MODULO_HORARIO)
             *
ERROR en línea 2:
ORA-01408: such column list already indexed 


CREANDO ESTRUC_JURIS_FK_IA
ESTRUC_PROG (JURISDICCION)
             *
ERROR en línea 2:
ORA-01408: such column list already indexed 


CREANDO ESTRUC_UNIEJEC_FK_IA
ESTRUC_PROG (CODIGO_UE)
             *
ERROR en línea 2:
ORA-01408: such column list already indexed 


CREANDO RAFAM_0000000034_FK_IA
ADJUDICACIONES_ITEMS (EJERCICIO,NRO_COTI,COD_PROV,ITEM_REAL,NRO_ALTER)
                      *
ERROR en línea 2:
ORA-01408: such column list already indexed 


CREANDO FK_ING_PLANES_REC_CTOS_CC_IA
CREANDO RAFAM_0000000035_FK_IA
CREANDO RAFAM_0000000036_FK_IA
PED_COTIZACIONES_ITEMS (CLASE,TIPO)
                        *
ERROR en línea 2:
ORA-01408: such column list already indexed 


CREANDO RAFAM_0000000037_FK_IA
PED_ITEMS (CLASE,TIPO)
           *
ERROR en línea 2:
ORA-01408: such column list already indexed 


CREANDO FORM4_JURIS_FK_IA
FORMULARIO4 (JURISDICCION)
             *
ERROR en línea 2:
ORA-01408: such column list already indexed 


CREANDO FORM8_ESTPRO_FK_IA
FORMULARIO8 (ANIO_PRESUP,JURISDICCION,PROGRAMA,ACTIV_PROY,ACTIV_OBRA)
             *
ERROR en línea 2:
ORA-01408: such column list already indexed 


CREANDO FORM_JURIS_FK_IA
FORMULARIO1 (JURISDICCION)
             *
ERROR en línea 2:
ORA-01408: such column list already indexed 


CREANDO ING_CCA_CEM_BOCA_FK_IA
CREANDO ING_CCA_CEM_CEMENTERIO_FK_IA
CREANDO ING_CCA_CEM_COMPR_CAB_FK_IA
CREANDO ING_CCA_CEM_CTOS_CC_FK_IA
CREANDO ING_CCA_CEM_ESTADO_FK_IA
CREANDO ING_CCA_CEM_ORIGEN_FK_IA
CREANDO ING_CCA_CEM_RECURSOS_FK_IA
CREANDO ING_CCA_CEM_REC_LIQ_FK_IA
CREANDO ING_CCA_CEM_SITUAC_FK_IA
CREANDO ING_CCA_CEM_SI_FK_IA
CREANDO ING_CCA_CEM_SL_FK_IA
CREANDO ING_CCA_CEM_SR_FK_IA
CREANDO ING_CCA_COM_COMERCIOS_FK_IA
CREANDO ING_CCA_COM_COMPR_CAB_FK_IA
CREANDO ING_CCA_COM_CTOS_CC_FK_IA
CREANDO ING_CCA_COM_ESTADO_FK_IA
CREANDO ING_CCA_COM_ORIGEN_FK_IA
CREANDO ING_CCA_COM_RECURSOS_FK_IA
CREANDO ING_CCA_COM_REC_LIQ_FK_IA
CREANDO ING_CCA_COM_SITUAC_FK_IA
CREANDO ING_CCA_COM_SI_FK_IA
CREANDO ING_CCA_COM_SL_FK_IA
CREANDO ING_CCA_COM_SR_FK_IA
CREANDO ING_CCA_CON_BOCA_FK_IA
CREANDO ING_CCA_CON_COMPR_CAB_FK_IA
CREANDO ING_CCA_CON_CONTRIB_FK_IA
CREANDO ING_CCA_CON_CTOS_CC_FK_IA
CREANDO ING_CCA_CON_ESTADO_FK_IA
CREANDO ING_CCA_CON_ORIGEN_FK_IA
CREANDO ING_CCA_CON_RECURSOS_FK_IA
CREANDO ING_CCA_CON_REC_LIQ_FK_IA
CREANDO ING_CCA_CON_SITUAC_FK_IA
CREANDO ING_CCA_CON_SI_FK_IA
CREANDO ING_CCA_CON_SL_FK_IA
CREANDO ING_CCA_CON_SR_FK_IA
CREANDO ING_CCA_INM_BOCA_FK_IA
CREANDO ING_CCA_INM_COMPR_CAB_FK_IA
CREANDO ING_CCA_INM_CTOS_CC_FK_IA
CREANDO ING_CCA_INM_ESTADO_FK_IA
CREANDO ING_CCA_INM_INMUEBLES_FK_IA
CREANDO ING_CCA_INM_ORIGEN_FK_IA
CREANDO ING_CCA_INM_RECURSOS_FK_IA
CREANDO ING_CCA_INM_REC_LIQ_FK_IA
CREANDO ING_CCA_INM_SITUAC_FK_IA
ING_CCA_INM (SITUACION)
*
ERROR en línea 2:
ORA-01652: unable to extend temp segment by 1233 in tablespace INDICES 


CREANDO ING_CCA_INM_SI_FK_IA
CREANDO ING_CCA_INM_SL_FK_IA
CREANDO ING_CCA_INM_SR_FK_IA
CREANDO ING_CCA_ROD_BOCA_FK_IA
CREANDO ING_CCA_ROD_COMPR_CAB_FK_IA
CREANDO ING_CCA_ROD_CTOS_CC_FK_IA
CREANDO ING_CCA_ROD_ESTADO_FK_IA
CREANDO ING_CCA_ROD_ORIGEN_FK_IA
CREANDO ING_CCA_ROD_RECURSOS_FK_IA
CREANDO ING_CCA_ROD_REC_LIQ_FK_IA
CREANDO ING_CCA_ROD_RODADOS_FK_IA
CREANDO ING_CCA_ROD_SITUAC_FK_IA
CREANDO ING_CCA_ROD_SI_FK_IA
CREANDO ING_CCA_ROD_SL_FK